         w __deregister_frame_info
         w __register_frame_info
         w userAppExit
         w userAppInit
00000000 00000401 B __ctru_dev_path_buf
00000000 b _TLS_MODULE_BASE_
00000000 a shift
00000000 a shift
00000404 00000802 B __ctru_dev_utf16_buf
00100000 A __start__
00100000 T _start
00100008 T __service_ptr
0010000c T __apt_appid
00100010 T __heap_size
00100014 T __linear_heap_size
00100018 T __system_arglist
0010001c T __system_runflags
00100020 t startup
00100058 t ClearMem
0010006c t ClrLoop
00100094 T _init
001000ac t .udivsi3_skip_div0_test
001000ac T __aeabi_uidiv
001000ac 000001ec T __udivsi3
00100298 00000020 T __aeabi_uidivmod
001002b8 T __aeabi_idiv
001002b8 00000220 T __divsi3
001002c0 t .divsi3_skip_div0_test
001004d8 00000020 T __aeabi_idivmod
001004f8 00000004 W __aeabi_idiv0
001004f8 00000004 W __aeabi_ldiv0
001004fc T __aeabi_drsub
00100504 000002b0 T __aeabi_dsub
00100504 000002b0 T __subdf3
00100508 000002ac T __adddf3
00100508 000002ac T __aeabi_dadd
001007b4 00000024 T __aeabi_ui2d
001007b4 00000024 T __floatunsidf
001007d8 00000028 T __aeabi_i2d
001007d8 00000028 T __floatsidf
00100800 00000048 T __aeabi_f2d
00100800 00000048 T __extendsfdf2
00100848 00000074 T __aeabi_ul2d
00100848 00000074 T __floatundidf
0010085c 00000060 T __aeabi_l2d
0010085c 00000060 T __floatdidf
001008bc T __aeabi_ldivmod
00100990 T __aeabi_uldivmod
001009cc 00000014 T setjmp
001009e0 00000018 T longjmp
00100a08 00000390 T strcmp
00100d90 t __do_global_dtors_aux
00100dd0 t frame_dummy
00100dfc 000002bc T capture_cam_thread
001010b8 000001c8 T update_ui
00101280 0000008c T exit_qr
0010130c 000000c8 T start_capture_cam
001013d4 000003dc T update_qr
001017b0 000000fc T init_qr
001018ac 00000054 T init_colors
00101900 0000009c t draw_image
0010199c 00000534 T init_screens
00101ed0 00000034 T exit_screens
00101f04 00000028 T set_screen
00101f2c 00000028 T end_frame
00101f54 00000134 T draw_text_center
00102088 0000038c T draw_base_interface
00102414 0000013c T throw_error
00102550 00000158 T draw_preview
001026a8 000000cc T draw_install
00102778 00000198 T draw_loading_bar
00102910 000001cc T draw_text_wrap
00102adc 000001c8 t draw_entry_info
00102ca4 000000fc t draw_text_wrap_scaled.part.0
00102da0 00000220 t draw_instructions
00102fc0 00000628 T draw_grid_interface
001035e8 00000ba4 T draw_interface
0010418c 00000180 T draw_confirm
0010430c 000000a4 t zip_to_buf
001043b0 00000278 T open_archives
00104628 0000003c T close_archives
00104664 000000a8 T file_to_buf
0010470c 00000080 T zip_memory_to_buf
0010478c 000000c4 T zip_file_to_buf
00104850 00000084 T buf_to_file
001048d4 00000264 T decompress_lz_file
00104b38 0000013c T compress_lz_file_fast
00104c74 000000c8 T remake_file
00104d3c 00000008 t compare_entries_by_name
00104d44 00000010 t compare_entries_by_author
00104d54 00000010 t compare_entries_by_filename
00104d64 00000080 T delete_entry
00104de4 000000b4 T load_data
00104e98 00000084 T loadTextureIcon
00104f1c 0000010c T parse_smdh
00105028 00000038 T sort_by_name
00105060 00000038 T sort_by_author
00105098 00000038 T sort_by_filename
001050d0 00000320 T load_entries
001053f0 000001c4 T load_icons_first
001055b4 000001b0 T handle_scrolling
00105768 000004c8 T load_icons_thread
00105c30 000003e4 T load_preview_from_buffer
00106014 0000012c T load_preview
00106140 00000038 T free_preview
00106178 00000278 T load_audio
001063f0 00000038 t change_selected
00106428 00000034 t wait_scroll
0010645c 00000174 t jump_menu
001065d0 00000050 t jump_menu_callback
00106620 0000010c T free_lists
00106730 0000018c t load_lists.constprop.0
001068bc 000000a8 T exit_function
00106968 00000edc T main
00107844 00000144 T update_audio
00107988 000000b0 T thread_audio
00107a38 00000034 T play_audio
00107a6c 00000094 t change_selected
00107b00 0000005c t jump_menu_callback
00107b5c 00000060 t free_icons.part.0
00107bbc 00000604 T http_get
001081c0 00000628 t load_remote_list
001087e8 00000124 t search_menu
0010890c 00000168 t jump_menu.part.0
00108a74 00000c54 T themeplaza_browser
001096c8 00000020 T splash_delete
001096e8 0000020c T splash_install
001098f4 000002c4 T splash_check_installed
00109bb8 00000bb0 t install_theme_internal.isra.0
0010a768 00000040 T theme_install
0010a7a8 00000040 T bgm_install
0010a7e8 00000040 T no_bgm_install
0010a828 00000028 T shuffle_install
0010a850 00000330 T themes_check_installed
0010ab80 00000038 T strulen
0010abb8 00000080 T struacat
0010ac38 00000064 T strucat
0010ac9c 00000080 t poly_add
0010ad1c 00000070 t poly_eval
0010ad8c 0000016c t reserved_cell
0010aef8 00000258 t berlekamp_massey
0010b150 00000094 t format_syndromes
0010b1e4 00000194 t read_format
0010b378 000000c4 t block_syndromes
0010b43c 0000019c t read_bit.isra.0
0010b5d8 00000e14 T quirc_decode
0010c3ec 000001e0 t perspective_setup
0010c5cc 00000230 t flood_fill_seed
0010c7fc 00000018 t area_count
0010c814 00000060 t find_one_corner
0010c874 00000090 t find_other_corners
0010c904 0000005c t find_leftmost_to_line
0010c960 000000c0 t region_code
0010ca20 00000090 t perspective_map
0010cab0 000000dc t fitness_cell
0010cb8c 000000bc t fitness_ring
0010cc48 00000084 t fitness_capstone
0010cccc 0000006c t fitness_apat
0010cd38 00000210 t fitness_all
0010cf48 0000017c t timing_scan.isra.0
0010d0c4 000000cc t perspective_unmap.isra.0
0010d190 00000ba8 t test_grouping
0010dd38 00000038 T quirc_begin
0010dd70 000006a0 T quirc_end
0010e410 000001a4 T quirc_extract
0010e5b4 0000000c T quirc_new
0010e5c0 0000001c T quirc_destroy
0010e5dc 00000078 T quirc_resize
0010e654 0000000c T quirc_count
0010e660 00000114 t png_colorspace_endpoints_match
0010e774 00000050 T png_zalloc
0010e7c4 00000004 T png_zfree
0010e7c8 000000fc t png_colorspace_set_xy_and_XYZ
0010e8c8 00000194 t png_build_16bit_table
0010ea5c 00000018 t is_ICC_signature_char.part.0
0010ea74 00000200 t png_icc_profile_error
0010ec74 000004dc t png_free_data.part.0
0010f150 00000088 t png_muldiv.part.0
0010f1d8 000001c4 t png_xy_from_XYZ
0010f39c 00000040 t png_colorspace_check_xy.part.0
0010f3dc 000000c8 t png_colorspace_check_gamma.isra.0
0010f4a8 00000080 t png_reciprocal2.part.0
0010f528 00000070 t png_gamma_8bit_correct.part.0
0010f598 00000088 t png_build_8bit_table
0010f620 00000068 t png_gamma_16bit_correct.part.0
0010f688 0000006c T png_sig_cmp
0010f6f4 00000020 T png_reset_crc
0010f714 00000050 T png_calculate_crc
0010f764 000000fc T png_user_version_check
0010f860 00000114 T png_create_png_struct
0010f974 00000030 T png_create_info_struct
0010f9a4 0000005c T png_destroy_info_struct
0010fa00 00000010 T png_free_data
0010fa10 0000000c T png_init_io
0010fa1c 00000098 T png_handle_as_unknown
0010fab4 00000028 T png_chunk_unknown_handling
0010fadc 000000e4 T png_zstream_error
0010fbc0 000000b0 T png_colorspace_set_gamma
0010fc70 00000068 T png_colorspace_sync_info
0010fcd8 00000030 T png_colorspace_sync
0010fd08 0000015c T png_colorspace_set_sRGB
0010fe64 0000007c T png_icc_check_length
0010fee0 000003a0 T png_icc_check_header
00110280 0000012c T png_icc_check_tag_table
001103ac 00000254 T png_icc_set_sRGB
00110600 000001a4 T png_colorspace_set_rgb_coefficients
001107a4 000002d0 T png_check_IHDR
00110a74 00000290 T png_check_fp_number
00110d04 0000005c T png_check_fp_string
00110d60 00000048 T png_muldiv
00110da8 00000078 T png_reciprocal
00110e20 00000528 t png_XYZ_from_xy
00111348 000000b4 T png_colorspace_set_chromaticities
001113fc 00000020 T png_gamma_significant
0011141c 00000024 T png_reciprocal2
00111440 00000018 T png_gamma_8bit_correct
00111458 00000064 T png_gamma_correct
001114bc 00000134 T png_destroy_gamma_table
001115f0 00000464 T png_build_gamma_table
00111a54 0000010c t png_format_buffer.isra.0
00111b60 00000040 t png_default_warning.isra.0
00111ba0 00000068 t png_safecat.part.0
00111c08 00000018 T png_safecat
00111c20 0000013c T png_format_number
00111d5c 0000005c T png_warning
00111db8 00000044 T png_chunk_warning
00111dfc 00000090 T png_free_jmpbuf
00111e8c 0000002c T png_longjmp
00111eb8 00000050 t png_default_error
00111f08 0000002c T png_error
00111f34 00000018 T png_app_warning
00111f4c 00000018 T png_app_error
00111f64 000000b8 T png_set_longjmp_fn
0011201c 00000030 T png_chunk_error
0011204c 00000018 T png_chunk_benign_error
00112064 0000002c T png_chunk_report
00112090 00000068 T png_benign_error
001120f8 00000010 T png_set_error_fn
00112108 00000024 T png_get_valid
0011212c 00000020 T png_get_rowbytes
0011214c 00000020 T png_get_image_width
0011216c 00000020 T png_get_image_height
0011218c 00000020 T png_get_bit_depth
001121ac 00000020 T png_get_color_type
001121cc 00000018 t png_free.part.0
001121e4 0000004c T png_destroy_png_struct
00112230 00000030 T png_malloc_base
00112260 00000044 T png_malloc_array
001122a4 000000cc T png_realloc_array
00112370 00000030 T png_malloc
001123a0 00000028 T png_calloc
001123c8 00000038 T png_malloc_warn
00112400 00000010 T png_free
00112410 00000014 T png_set_mem_fn
00112424 00000430 t png_read_info.part.0
00112854 00000060 T png_create_read_struct_2
001128b4 00000024 T png_create_read_struct
001128d8 00000010 T png_read_info
001128e8 00000040 T png_read_update_info
00112928 00000024 T png_start_read_image
0011294c 00000460 T png_read_row
00112dac 000000b8 T png_read_image
00112e64 00000144 T png_destroy_read_struct
00112fa8 00000038 T png_default_read_data
00112fe0 00000020 T png_read_data
00113000 00000050 T png_set_read_fn
00113050 00000210 t png_do_gray_to_rgb
00113260 00000568 t png_do_expand
001137c8 0000006c t png_rtran_ok
00113834 00000024 T png_set_strip_16
00113858 00000028 T png_set_expand
00113880 00000004 T png_set_palette_to_rgb
00113884 00000024 T png_set_expand_gray_1_2_4_to_8
001138a8 00000004 T png_set_tRNS_to_alpha
001138ac 0000003c T png_set_gray_to_rgb
001138e8 00000cdc T png_init_read_transformations
001145c4 000002b4 T png_read_transform_info
00114878 00002c9c T png_do_read_transformations
00117514 00000044 t png_read_filter_row_sub
00117558 00000030 t png_read_filter_row_up
00117588 0000008c t png_read_filter_row_avg
00117614 00000084 t png_read_filter_row_paeth_1byte_pixel
00117698 000000c0 t png_read_filter_row_paeth_multibyte_pixel
00117758 00000150 t png_inflate_claim
001178a8 0000009c t png_read_buffer
00117944 00000028 t png_crc_read.part.0
0011796c 00000028 t png_get_fixed_point.constprop.0
00117994 0000003c T png_get_uint_31
001179d0 000000bc T png_read_sig
00117a8c 000000a0 T png_crc_error
00117b2c 000000b8 T png_crc_finish
00117be4 0000010c t png_cache_unknown_chunk
00117cf0 0000004c T png_zlib_inflate
00117d3c 000000e8 t png_inflate_read.part.0.constprop.0
00117e24 00000104 t png_inflate.constprop.0
00117f28 0000020c t png_decompress_chunk.constprop.0
00118134 0000014c T png_handle_IHDR
00118280 00000244 T png_handle_PLTE
001184c4 00000054 T png_handle_IEND
00118518 000000bc T png_handle_gAMA
001185d4 000001b4 T png_handle_sBIT
00118788 00000218 T png_handle_cHRM
001189a0 000000f8 T png_handle_sRGB
00118a98 000005e8 T png_handle_iCCP
00119080 0000032c T png_handle_sPLT
001193ac 00000208 T png_handle_tRNS
001195b4 00000264 T png_handle_bKGD
00119818 000001c0 T png_handle_eXIf
001199d8 00000130 T png_handle_hIST
00119b08 0000012c T png_handle_pHYs
00119c34 0000014c T png_handle_oFFs
00119d80 00000334 T png_handle_pCAL
0011a0b4 00000244 T png_handle_sCAL
0011a2f8 000000f4 T png_handle_tIME
0011a3ec 00000170 T png_handle_tEXt
0011a55c 00000224 T png_handle_zTXt
0011a780 00000310 T png_handle_iTXt
0011aa90 000001a8 T png_handle_unknown
0011ac38 0000004c T png_check_chunk_name
0011ac84 000000c8 T png_check_chunk_length
0011ad4c 00000080 T png_read_chunk_header
0011adcc 000004d4 T png_combine_row
0011b2a0 000003e4 T png_do_read_interlace
0011b684 00000094 T png_read_filter_row
0011b718 000001c0 T png_read_IDAT_data
0011b8d8 00000074 T png_read_finish_IDAT
0011b94c 00000138 T png_read_finish_row
0011ba84 000003a0 T png_read_start_row
0011be24 00000064 t check_location
0011be88 00000048 T png_set_bKGD
0011bed0 000000b8 T png_set_eXIf_1
0011bf88 000000c0 T png_set_hIST
0011c048 00000104 T png_set_IHDR
0011c14c 0000002c T png_set_oFFs
0011c178 00000280 T png_set_pCAL
0011c3f8 00000174 T png_set_sCAL_s
0011c56c 0000002c T png_set_pHYs
0011c598 00000134 T png_set_PLTE
0011c6cc 00000040 T png_set_sBIT
0011c70c 00000334 T png_set_text_2
0011ca40 000000a0 T png_set_tIME
0011cae0 00000144 T png_set_tRNS
0011cc24 00000180 T png_set_sPLT
0011cda4 00000138 T png_set_unknown_chunks
0011cedc 00000014 T png_set_bgr
0011cef0 00000030 T png_set_interlace_handling
0011cf20 00000088 T png_set_filler
0011cfa8 00000014 T png_set_swap_alpha
0011cfbc 000000c8 T png_do_invert
0011d084 0000004c T png_do_swap
0011d0d0 0000007c T png_do_packswap
0011d14c 00000258 T png_do_strip_channel
0011d3a4 00000138 T png_do_bgr
0011d4dc 0000019c T png_do_check_palette_indexes
0011d678 00000124 t _get_next_page
0011d79c 00000104 t _initial_pcmoffset
0011d8a0 00000080 t _seek_helper
0011d920 0000001c t _fseek64_wrap
0011d93c 00000098 t _make_decode_ready
0011d9d4 00000208 t _get_prev_page_serial
0011dbdc 00000354 t _fetch_headers
0011df30 00000538 t _bisect_forward_serialno
0011e468 0000036c t _fetch_and_process_packet.constprop.10
0011e7d4 000000f4 T ov_clear
0011e8c8 00000214 t _ov_open1
0011eadc 0000004c T ov_pcm_total
0011eb28 00000058 t ov_pcm_total.part.3
0011eb80 0000049c T ov_raw_seek
0011f01c 000001ac t _open_seekable2
0011f1c8 000000a0 T ov_open_callbacks
0011f268 0000004c T ov_open
0011f2b4 00000058 T ov_info
0011f30c 0000017c T ov_read
0011f488 00000024 T vorbis_block_init
0011f4ac 00000074 T _vorbis_block_alloc
0011f520 00000078 T _vorbis_block_ripcord
0011f598 00000034 T vorbis_block_clear
0011f5cc 00000078 T vorbis_synthesis_restart
0011f644 00000124 T vorbis_dsp_clear
0011f768 000002cc T vorbis_synthesis_init
0011fa34 00000650 T vorbis_synthesis_blockin
00120084 00000074 T vorbis_synthesis_pcmout
001200f8 00000030 T vorbis_synthesis_read
00120128 000000b8 T _vorbis_window
001201e0 00000164 T _vorbis_apply_window
00120344 000001c4 t _vorbis_synthesis1
00120508 00000008 T vorbis_synthesis
00120510 00000088 T vorbis_packet_blocksize
00120598 00000018 T vorbis_comment_init
001205b0 0000008c T vorbis_comment_clear
0012063c 00000040 T vorbis_info_init
0012067c 000001a8 T vorbis_info_clear
00120824 000000b0 T vorbis_synthesis_idheader
001208d4 000006b0 T vorbis_synthesis_headerin
00120f84 000003d0 T vorbis_staticbook_unpack
00121354 000001b0 T vorbis_book_decode
00121504 00000550 T vorbis_book_decodevs_add
00121a54 00000448 T vorbis_book_decodev_add
00121e9c 00000460 T vorbis_book_decodev_set
001222fc 00000424 T vorbis_book_decodevv_add
00122720 0000005c t bitreverse
0012277c 0000002c t sort32a
001227a8 00000024 T _ilog
001227cc 00000284 T _make_words
00122a50 000000ac T _book_maptype1_quantvals
00122afc 00000728 t _book_unquantize.part.1
00123224 00000034 T vorbis_staticbook_destroy
00123258 0000006c T vorbis_book_clear
001232c4 000004d0 T vorbis_book_init_decode
00123794 00000018 t icomp
001237ac 00000240 t floor1_inverse2
001239ec 00000324 t floor1_inverse1
00123d10 0000000c t floor1_free_look
00123d1c 0000000c t floor1_free_info
00123d28 00000208 t floor1_look
00123f30 0000031c t floor1_unpack
0012424c 00000154 t floor0_inverse1
001243a0 0000000c t floor0_free_info
001243ac 0000011c t floor0_unpack
001244c8 00000038 t floor0_free_look
00124500 00000244 t floor0_look
00124744 000003e0 T vorbis_lsp_to_curve
00124b24 0000006c t floor0_inverse2
00124b90 0000000c T res0_free_info
00124b9c 00000218 T res0_unpack
00124db4 000002a8 T res0_look
0012505c 000002bc t _01inverse
00125318 00000068 T res0_inverse
00125380 00000068 T res1_inverse
001253e8 00000254 T res2_inverse
0012563c 0000008c T res0_free_look
001256c8 000004a8 t mapping0_inverse
00125b70 0000000c t mapping0_free_info
00125b7c 00000140 t mapping0_look
00125cbc 00000260 t mapping0_unpack
00125f1c 00000090 t mapping0_free_look
00125fac 00001a00 T mdct_backward
001279ac 00000124 t _packetout
00127ad0 000000b4 t ogg_page_checksum_set.part.0
00127b84 00000010 T ogg_page_bos
00127b94 00000010 T ogg_page_eos
00127ba4 00000080 T ogg_page_granulepos
00127c24 0000000c T ogg_page_serialno
00127c30 00000054 T ogg_stream_clear
00127c84 00000098 T ogg_stream_init
00127d1c 00000078 t _os_body_expand
00127d94 0000008c t _os_lacing_expand
00127e20 00000030 T ogg_sync_init
00127e50 00000044 T ogg_sync_clear
00127e94 000000c8 T ogg_sync_buffer
00127f5c 00000030 T ogg_sync_wrote
00127f8c 00000204 T ogg_sync_pageseek
00128190 00000398 T ogg_stream_pagein
00128528 0000002c T ogg_sync_reset
00128554 00000068 T ogg_stream_reset
001285bc 0000006c T ogg_stream_reset_serialno
00128628 00000024 T ogg_stream_packetout
0012864c 0000001c T oggpack_readinit
00128668 000000c8 T oggpack_look
00128730 00000068 T oggpack_adv
00128798 000000f4 T oggpack_read
0012888c 00000014 T oggpack_bytes
001288a0 00000090 T archive_entry_clear
00128930 00000018 T archive_entry_free
00128948 00000020 T archive_entry_new2
00128968 00000050 T archive_entry_pathname
001289b8 00000050 T archive_entry_pathname_w
00128a08 00000008 T archive_entry_size
00128a10 00000010 T archive_entry_set_gid
00128a20 00000064 T archive_entry_set_atime
00128a84 00000064 T archive_entry_set_ctime
00128ae8 00000010 T archive_entry_set_mode
00128af8 00000064 T archive_entry_set_mtime
00128b5c 00000008 T _archive_entry_copy_pathname_l
00128b64 0000001c T archive_entry_set_size
00128b80 0000003c T _archive_entry_copy_symlink_l
00128bbc 00000010 T archive_entry_set_uid
00128bcc 00000060 T archive_entry_copy_mac_metadata
00128c2c 00000034 T archive_entry_sparse_clear
00128c60 0000004c T archive_entry_xattr_clear
00128cac 00000024 t client_read_proxy
00128cd0 00000034 t client_seek_proxy
00128d04 00000024 t client_open_proxy
00128d28 000000ac t client_switch_proxy
00128dd4 0000002c t _archive_filter_count
00128e00 00000078 t get_filter
00128e78 00000018 t _archive_filter_code
00128e90 00000014 t _archive_filter_name
00128ea4 0000001c t _archive_filter_bytes
00128ec0 00000074 t client_close_proxy
00128f34 0000007c t _archive_read_data_block
00128fb0 00000144 t client_skip_proxy
001290f4 00000140 t _archive_read_free
00129234 000002e0 t __archive_read_filter_ahead.part.5
00129514 000002dc t __archive_read_filter_consume.part.6
001297f0 000000cc T archive_read_new
001298bc 00000048 T archive_read_extract_set_skip_file
00129904 00000034 T archive_read_set_open_callback
00129938 00000034 T archive_read_set_read_callback
0012996c 00000034 T archive_read_set_skip_callback
001299a0 00000034 T archive_read_set_seek_callback
001299d4 00000034 T archive_read_set_close_callback
00129a08 00000034 T archive_read_set_switch_callback
00129a3c 000000cc T archive_read_set_callback_data2
00129b08 00000008 T archive_read_set_callback_data
00129b10 00000118 T archive_read_add_callback_data
00129c28 00000008 T archive_read_append_callback_data
00129c30 00000234 T archive_read_data
00129e64 0000007c T archive_read_data_skip
00129ee0 000001f4 t _archive_read_next_header2
0012a0d4 00000028 t _archive_read_next_header
0012a0fc 00000074 T __archive_read_close_filters
0012a170 00000060 t _archive_read_close
0012a1d0 000000cc T __archive_read_register_format
0012a29c 00000028 T __archive_read_ahead
0012a2c4 00000030 T __archive_read_consume
0012a2f4 00000558 T __archive_read_filter_seek
0012a84c 00000008 T __archive_read_seek
0012a854 0000040c T archive_read_open1
0012ac60 000000bc t file_read
0012ad1c 000001cc t file_open
0012aee8 000000c0 t file_seek
0012afa8 0000014c t file_skip
0012b0f4 00000084 t file_close2.isra.2
0012b178 00000020 t file_close
0012b198 00000024 t file_switch
0012b1bc 00000174 T archive_read_open_filenames
0012b330 00000024 T archive_read_open_filename
0012b354 00000008 t memory_read_open
0012b35c 00000028 t memory_read
0012b384 00000064 t memory_read_skip
0012b3e8 00000090 t memory_read_seek
0012b478 00000014 t memory_read_close
0012b48c 000000b8 T archive_read_open_memory2
0012b544 00000008 T archive_read_open_memory
0012b54c 00000010 t cmp_node
0012b55c 00000008 t cmp_key
0012b564 00000098 t archive_read_format_zip_cleanup
0012b5fc 000000d0 t archive_read_format_zip_streamable_bid
0012b6cc 00000038 t zip_read_consume
0012b704 00000088 t zip_time
0012b78c 000008e8 t zip_read_local_file_header
0012c074 00000190 t archive_read_format_zip_streamable_read_header
0012c204 000000d8 t archive_read_format_zip_options
0012c2dc 00000010 t rsrc_cmp_key
0012c2ec 00000010 t rsrc_cmp_node
0012c2fc 00000274 t archive_read_format_zip_seekable_bid
0012c570 00000080 t zip_deflate_init
0012c5f0 0000028c t zip_read_data_deflate.isra.2
0012c87c 000001a4 t archive_read_format_zip_read_data_skip
0012ca20 00000438 t archive_read_format_zip_read_data
0012ce58 00000a80 t archive_read_format_zip_seekable_read_header
0012d8d8 000000e0 T archive_read_support_format_zip_streamable
0012d9b8 000000e0 T archive_read_support_format_zip_seekable
0012da98 00000020 T archive_read_support_format_zip
0012dab8 00000118 t unicode_to_utf8
0012dbd0 00000084 t get_nfc
0012dc54 0000002c t free_sconv_object
0012dc80 00000274 t _utf8_to_unicode.part.2
0012def4 000000e8 t cesu8_to_unicode
0012dfdc 0000008c t utf16_to_unicode.part.3
0012e068 00000038 t utf16le_to_unicode
0012e0a0 00000038 t utf16be_to_unicode
0012e0d8 0000007c t unicode_to_utf16be
0012e154 0000007c t unicode_to_utf16le
0012e1d0 00000014 t add_converter.part.8
0012e1e4 00000240 t setup_converter
0012e424 00000068 t get_current_charset
0012e48c 0000012c t canonical_charset_name
0012e5b8 000002dc t get_sconv_object
0012e894 00000014 t archive_string_concat.part.14
0012e894 00000014 t archive_strncat.part.19
0012e894 00000014 t archive_wstring_concat.part.15
0012e894 00000014 t archive_wstrncat.part.20
0012e8a8 00000024 T archive_string_free
0012e8cc 000000c0 T archive_string_ensure
0012e98c 0000005c t archive_string_append
0012e9e8 0000019c t best_effort_strncat_in_locale
0012eb84 0000023c t strncat_from_utf8_to_utf8
0012edc0 000000dc t best_effort_strncat_from_utf16.isra.17
0012ee9c 00000008 t best_effort_strncat_from_utf16le
0012eea4 00000008 t best_effort_strncat_from_utf16be
0012eeac 0000117c t archive_string_normalize_C
00130028 00000c70 t archive_string_normalize_D
00130c98 000000c4 t best_effort_strncat_to_utf16.isra.18
00130d5c 00000008 t best_effort_strncat_to_utf16le
00130d64 00000008 t best_effort_strncat_to_utf16be
00130d6c 00000254 t archive_string_append_unicode
00130fc0 00000120 t strncat_from_utf8_libarchive2
001310e0 0000005c T archive_strncat
0013113c 00000008 T archive_strcat
00131144 00000038 T archive_strappend_char
0013117c 00000150 T archive_wstring_append_from_mbs
001312cc 00000160 T archive_string_append_from_wcs
0013142c 00000034 T archive_string_conversion_from_charset
00131460 00000008 T archive_string_default_conversion_for_read
00131468 0000003c T archive_string_conversion_free
001314a4 00000018 T archive_string_conversion_charset_name
001314bc 00000204 T archive_strncat_l
001316c0 00000064 T archive_mstring_clean
00131724 00000068 T archive_mstring_get_mbs
0013178c 00000068 T archive_mstring_get_wcs
001317f4 00000044 T archive_mstring_copy_mbs_len_l
00131838 00000034 t __archive_ensure_cloexec_flag.part.0
0013186c 00000010 T __archive_clean
0013187c 00000014 T archive_clear_error
00131890 0000005c T archive_set_error
001318ec 00000054 T __archive_errx
00131940 0000000c T __archive_ensure_cloexec_flag
0013194c 0000000c T archive_read_close
00131958 00000014 T archive_read_free
0013196c 0000000c T archive_read_next_header
00131978 00000018 T archive_read_data_block
00131990 00000070 T archive_acl_clear
00131a00 00000044 t errmsg
00131a44 000000dc t write_all_states
00131b20 00000164 T __archive_check_magic
00131c84 000000e8 t __archive_rb_tree_reparent_nodes
00131d6c 00000188 t __archive_rb_tree_removal_rebalance.isra.1.part.2
00131ef4 00000010 T __archive_rb_tree_init
00131f04 0000005c T __archive_rb_tree_find_node
00131f60 000001b8 T __archive_rb_tree_insert_node
00132118 000000b0 T __archive_rb_tree_iterate
001321c8 000001d0 T __archive_rb_tree_remove_node
00132398 00000088 t append_uint
00132420 00000600 T archive_string_vsprintf
00132a20 00000024 t buffer_get
00132a44 00000128 t error_set
00132b6c 000000b8 t stream_unget
00132c24 00000098 t decode_unicode_escape
00132cbc 00000190 t stream_get.part.0
00132e4c 00000b38 t lex_scan.isra.0
00133984 00000484 t parse_value
00133e08 00000100 t parse_json
00133f08 000000f4 T json_loadb
00133ffc 00000018 T jsonp_malloc
00134014 00000018 T jsonp_free
0013402c 0000003c T strbuffer_init
00134068 0000002c T strbuffer_close
00134094 00000014 T strbuffer_clear
001340a8 00000008 T strbuffer_value
001340b0 000000c0 T strbuffer_append_bytes
00134170 00000024 T strbuffer_append_byte
00134194 00000028 T strbuffer_pop
001341c0 000000fc T jsonp_strtod
001342bc 000000f8 T utf8_encode
001343b4 0000006c T utf8_check_first
00134420 000000d8 T utf8_check_full
001344f8 00000068 T json_object
00134560 00000028 T json_object_get
00134588 00000024 T json_object_iter
001345ac 00000034 T json_object_iter_next
001345e0 0000000c T json_object_iter_key
001345ec 0000000c T json_object_iter_value
001345f8 0000000c T json_object_key_to_iter
00134604 00000060 T json_array
00134664 0000001c T json_array_size
00134680 00000034 T json_array_get
001346b4 00000058 T jsonp_stringn_nocheck_own
0013470c 0000001c T json_string_value
00134728 00000038 T json_integer
00134760 00000028 T json_integer_value
00134788 00000070 T json_real
001347f8 0000000c T json_true
00134804 0000000c T json_false
00134810 0000000c T json_null
0013481c 000000d8 T json_delete
001348f4 000000b8 T json_object_set_new_nocheck
001349ac 0000012c T json_array_append_new
00134ad8 00000074 T jsonp_error_set_source
00134b4c 0000003c T jsonp_error_init
00134b88 00000060 T jsonp_error_set
00134be8 000001d0 t hashlittle
00134db8 00000074 t hashtable_do_clear
00134e2c 0000007c T hashtable_init
00134ea8 00000018 T hashtable_close
00134ec0 000002d4 T hashtable_set
00135194 000000a4 T hashtable_get
00135238 00000018 T hashtable_iter
00135250 00000018 T hashtable_iter_next
00135268 00000008 T hashtable_iter_key
00135270 00000008 T hashtable_iter_value
00135278 00000118 T json_object_seed
00135390 00000034 t C2Di_FrameEndHook
001353c8 00000330 T C2D_Init
001356f8 00000044 T C2D_Fini
0013573c 000000d0 T C2D_Prepare
0013580c 0000003c T C2D_Flush
00135848 00000108 T C2D_SceneSize
00135950 00000058 T C2D_CreateScreenTarget
001359a8 00000058 T C2D_TargetClear
00135a00 0000013c T C2Di_CalcQuad
00135b3c 00000040 T C2Di_AppendVtx
00135b7c 0000022c T C2Di_Update
00135da8 000002f8 T C2D_DrawImage
001360a0 000001b0 T C2D_DrawRectangle
00136250 00000018 t C2Di_GlyphComp
00136268 00000140 t C2Di_CalcLineWidths
001363a8 000001d0 T C2D_TextBufNew
00136578 00000004 T C2D_TextBufDelete
0013657c 0000000c T C2D_TextBufClear
00136588 000001c8 T C2D_TextFontParseLine
00136750 00000030 T C2D_TextParseLine
00136780 000000a8 T C2D_TextFontParse
00136828 00000014 T C2D_TextParse
0013683c 00000030 T C2D_TextOptimize
0013686c 000000c0 T C2D_TextGetDimensions
0013692c 000010d4 T C2D_DrawText
00137a00 0000006c T C2D_SpriteSheetLoadFromHandle
00137a6c 00000048 T C2D_SpriteSheetLoad
00137ab4 0000002c T C2D_SpriteSheetGetImage
00137ae0 00000044 T C2D_FontGlyphIndexFromCodePoint
00137b24 00000078 T C2D_FontCalcGlyphPos
00137b9c 00000004 W C3Di_LightEnvUpdate
00137ba0 00000004 W C3Di_LightEnvDirty
00137ba4 000000b4 t C3Di_AptEventHook
00137c58 00000004 W C3Di_GasUpdate
00137c5c 000001e0 T C3D_Init
00137e3c 00000098 T C3D_SetViewport
00137ed4 000004ec T C3Di_UpdateContext
001383c0 000000e0 T C3Di_SplitFrame
001384a0 00000044 T C3D_Fini
001384e4 00000108 T C3D_BindProgram
001385ec 0000004c t onVBlank0
00138638 0000004c t onVBlank1
00138684 00000080 t C3Di_RenderTargetDestroy
00138704 000000f4 t onQueueFinish
001387f8 00000038 T C3Di_RenderQueueEnableVBlank
00138830 00000030 T C3Di_RenderQueueDisableVBlank
00138860 00000060 T C3Di_RenderQueueInit
001388c0 000000b0 T C3Di_RenderQueueExit
00138970 00000034 T C3Di_RenderQueueWaitDone
001389a4 000000e4 T C3D_FrameBegin
00138a88 00000048 T C3D_FrameDrawOn
00138ad0 00000058 T C3D_FrameSplit
00138b28 000001d8 T C3D_FrameEnd
00138d00 0000001c T C3D_FrameEndHook
00138d1c 00000128 T C3D_RenderTargetCreate
00138e44 0000004c T C3D_RenderTargetSetOutput
00138e90 000000fc T C3D_SyncTextureCopy
00138f8c 000002a0 T C3D_TexInitWithParams
0013922c 000000c8 T C3D_TexLoadImage
001392f4 00000044 T C3D_TexBind
00139338 00000074 T C3D_TexDelete
001393ac 0000016c T C3Di_SetTex
00139518 000003f4 t Tex3DSi_ImportCommon
0013990c 00000038 T Tex3DS_TextureImportStdio
00139944 0000001c T Tex3DS_GetSubTexture
00139960 0000001c T C3D_CalcColorBufSize
0013997c 0000001c T C3D_CalcDepthBufSize
00139998 00000044 T C3D_SetFrameBuf
001399dc 0000016c T C3Di_FrameBufBind
00139b48 000000cc T C3D_FrameBufClear
00139c14 00000044 T C3D_FrameBufTransfer
00139c58 00000034 T C3D_GetTexEnv
00139c8c 00000024 T C3Di_TexEnvBind
00139cb0 00000070 T C3D_ProcTexInit
00139d20 00000054 T C3D_ProcTexBind
00139d74 0000005c T C3D_ProcTexLutBind
00139dd0 000000a4 T ProcTexLut_FromArray
00139e74 0000017c T C3Di_ProcTexUpdate
00139ff0 00000068 T C3Di_ProcTexDirty
0013a058 00000024 T BufInfo_Init
0013a07c 00000080 T BufInfo_Add
0013a0fc 00000040 T C3D_SetBufInfo
0013a13c 00000048 T C3Di_BufInfoBind
0013a184 00000148 T C3D_DrawArrays
0013a2cc 00000040 T C3D_DepthMap
0013a30c 0000001c T C3D_CullFace
0013a328 00000040 T C3D_StencilTest
0013a368 00000024 T C3D_StencilOp
0013a38c 0000001c T C3D_BlendingColor
0013a3a8 00000024 T C3D_EarlyDepthTest
0013a3cc 0000002c T C3D_DepthTest
0013a3f8 0000002c T C3D_AlphaTest
0013a424 00000050 T C3D_AlphaBlend
0013a474 00000030 T C3D_FragOpMode
0013a4a4 00000044 T C3D_FragOpShadow
0013a4e8 000001ac T C3Di_EffectBind
0013a694 00000028 T AttrInfo_Init
0013a6bc 00000098 T AttrInfo_AddLoader
0013a754 00000054 T C3D_SetAttrInfo
0013a7a8 00000080 T C3Di_AttrInfoBind
0013a828 000000a8 T C3D_ImmSendAttrib
0013a8d0 0000029c T C3D_UpdateUniforms
0013ab6c 000000c0 T C3Di_DirtyUniforms
0013ac2c 000000d8 T C3Di_LoadShaderUniforms
0013ad04 00000028 T C3Di_ClearShaderUniforms
0013ad2c 000000cc T Mtx_Ortho
0013adf8 000000cc T Mtx_OrthoTilt
0013aec4 0000002c t addrMapNodeComparator(rbtree_node const*, rbtree_node const*)
0013aef0 00000028 t newNode(MemChunk const&)
0013af18 00000098 t vramInit()
0013afb0 00000024 t getNode(void*)
0013afd4 00000020 t delNode(addrMapNode*)
0013aff4 0000000c t addrMapNodeDestructor(rbtree_node*)
0013b000 000000c8 T vramMemAlign
0013b0c8 00000010 T vramAlloc
0013b0d8 0000002c T vramFree
0013b104 0000002c t addrMapNodeComparator(rbtree_node const*, rbtree_node const*)
0013b130 00000028 t newNode(MemChunk const&)
0013b158 000000a8 t linearInit()
0013b200 00000024 t getNode(void*)
0013b224 00000020 t delNode(addrMapNode*)
0013b244 0000000c t addrMapNodeDestructor(rbtree_node*)
0013b250 000000c8 T linearMemAlign
0013b318 00000010 T linearAlloc
0013b328 0000002c T linearFree
0013b354 00000090 T MemPool::CoalesceRight(MemBlock*)
0013b3e4 000001ac T MemPool::Allocate(MemChunk&, unsigned long, int)
0013b590 00000154 T MemPool::Deallocate(MemChunk const&)
0013b6e4 00000018 t romfs_insert
0013b6fc 00000030 t romfs_remove
0013b72c 00000048 t calcHash
0013b774 00000010 t dir_inode
0013b784 00000018 t dir_size
0013b79c 00000054 t dir_nlink
0013b7f0 00000018 t file_inode
0013b808 00000008 t romfs_close
0013b810 000000c8 t romfs_seek
0013b8d8 00000024 t romfs_dirreset
0013b8fc 00000008 t romfs_dirclose
0013b904 00000078 t fill_dir
0013b97c 00000068 t fill_file
0013b9e4 0000001c t romfs_fstat
0013ba00 00000054 t romfs_alloc
0013ba54 000002e4 t romfs_dirnext
0013bd38 0000008c t searchForDir
0013bdc4 000001e0 t navigateToDir
0013bfa4 00000078 t romfs_diropen
0013c01c 00000054 t romfs_chdir
0013c070 00000090 t searchForFile
0013c100 0000014c t romfs_stat
0013c24c 0000015c t romfs_open
0013c3a8 00000054 t _romfs_read
0013c3fc 000000ac t romfs_read
0013c4a8 00000030 t _romfs_read_chk
0013c4d8 00000044 t romfs_free
0013c51c 000001a8 T romfsMountFromFile
0013c6c4 000000a0 T romfsMountFromCurrentProcess
0013c764 0000028c T romfsMountSelf
0013c9f0 0000007c T osConvertVirtToPhys
0013ca6c 00000058 T osGetTimeRef
0013cac4 000000d0 T osGetTime
0013cb94 0000007c T __libctru_gtod
0013cc10 0000003c T __ctru_speedup_config
0013cc4c 0000001c t debug_write
0013cc68 00000088 T consoleDebugInit
0013ccf0 0000019c T consoleDrawChar
0013ce8c 00000148 T consolePrintChar
0013cfd4 00000134 t consoleCls
0013d108 00000104 t consoleClearLine
0013d20c 000000b8 t newRow
0013d2c4 00000988 T con_write
0013dc4c 0000009c T fontEnsureMapped
0013dce8 00000110 T fontGlyphIndexFromCodePoint
0013ddf8 0000008c T fontGetCharWidthInfo
0013de84 000001f4 T fontCalcGlyphPos
0013e078 0000003c t srvGetBlockingPolicy
0013e0b4 00000068 T srvExit
0013e11c 0000003c T srvRegisterClient
0013e158 000000b4 T srvInit
0013e20c 0000006c T srvGetServiceHandleDirect
0013e278 00000038 T srvGetServiceHandle
0013e2b0 0000003c T srvPublishToSubscriber
0013e2ec 00000100 t gfxPresentFramebuffer
0013e3ec 00000010 T gfxSet3D
0013e3fc 0000001c T gfxIsWide
0013e418 000000f8 T gfxSetScreenFormat
0013e510 00000010 T gfxGetScreenFormat
0013e520 00000010 T gfxSetDoubleBuffering
0013e530 00000104 T gfxInit
0013e634 00000018 T gfxInitDefault
0013e64c 000000b8 T gfxExit
0013e704 000000b4 T gfxGetFramebuffer
0013e7b8 000000d8 T gfxFlushBuffers
0013e890 00000030 T gfxScreenSwapBuffers
0013e8c0 00000010 t __panic
0013e8d0 000001c8 T threadCreate
0013ea98 0000002c T threadFree
0013eac4 00000034 T threadJoin
0013eaf8 00000028 T threadGetCurrent
0013eb20 0000003c T threadExit
0013eb5c 00000048 t _thread_begin
0013eba4 000000ac t GPU_SendShaderCode
0013ec50 00000070 t GPU_SendOperandDescriptors
0013ecc0 00000048 t GPU_SetShaderOutmap
0013ed08 00000034 T shaderInstanceFree
0013ed3c 0000005c T shaderInstanceSetBool
0013ed98 000001d8 T shaderInstanceInit
0013ef70 00000020 T shaderInstanceGetUniformLocation
0013ef90 00000020 T shaderProgramInit
0013efb0 0000002c T shaderProgramFree
0013efdc 0000006c T shaderProgramSetVsh
0013f048 00000588 T shaderProgramConfigure
0013f5d0 00000038 T DVLB_Free
0013f608 00000074 T DVLE_GetUniformRegister
0013f67c 00000200 T DVLE_GenerateOutmap
0013f87c 000001c0 T DVLB_ParseFile
0013fa3c 00000034 t submitGxCommand
0013fa70 00000010 T GX_BindQueue
0013fa80 00000050 T GX_ProcessCommandList
0013fad0 00000054 T GX_MemoryFill
0013fb24 00000048 T GX_DisplayTransfer
0013fb6c 0000004c T GX_TextureCopy
0013fbb8 00000074 t gxCmdQueueDoCommands
0013fc2c 000000e0 T gxCmdQueueInterrupt
0013fd0c 00000050 T gxCmdQueueClear
0013fd5c 000000e8 T gxCmdQueueAdd
0013fe44 00000080 T gxCmdQueueRun
0013fec4 0000006c T gxCmdQueueStop
0013ff30 0000006c T gxCmdQueueWait
0013ff9c 00000134 t GPUCMD_AddInternal
001400d0 0000004c T GPUCMD_Add
0014011c 000000c0 T GPUCMD_Split
001401dc 0000005c T f32tof16
00140238 00000058 T f32tof24
00140290 00000058 T f32tof31
001402e8 00000014 t ndspDirtyMaster
001402fc 000001bc t ndspUpdateMaster
001404b8 00000054 t ndspUpdateCapture
0014050c 000001f4 t ndspFindAndLoadComponent
00140700 00000268 t ndspInitialize
00140968 00000098 t ndspInitMaster
00140a00 00000110 t ndspFinalize
00140b10 000000ec t ndspHookCallback
00140c00 00000234 t ndspSync
00140e34 00000104 t ndspThreadMain
00140f38 000001a4 T ndspInit
001410dc 000000d8 T ndspExit
001411b4 000000ec T ndspChnReset
001412a0 00000018 T ndspChnSetFormat
001412b8 00000050 T ndspChnSetInterp
00141308 00000064 T ndspChnSetRate
0014136c 0000009c T ndspChnSetMix
00141408 000000e0 T ndspChnWaveBufAdd
001414e8 0000004c T ndspiInitChn
00141534 00000038 T ndspiDirtyChn
0014156c 00000588 T ndspiUpdateChn
00141af4 000001d0 T ndspiReadChnState
00141cc4 00000078 T ptmuInit
00141d3c 00000044 T ptmuExit
00141d80 0000003c T PTMU_GetBatteryLevel
00141dbc 0000003c T PTMU_GetBatteryChargeState
00141df8 000000b4 t popInterrupt
00141eac 00000010 T gspHasGpuRight
00141ebc 000000b8 T gspPresentBuffer
00141f74 00000030 T gspSetEventCallback
00141fa4 00000054 T gspWaitForEvent
00141ff8 00000068 T gspWaitForAnyEvent
00142060 000000fc t gspEventThreadMain
0014215c 00000070 T GSPGPU_WriteHWRegs
001421cc 00000088 T GSPGPU_WriteHWRegsWithMask
00142254 00000808 t gspHardwareInit
00142a5c 00000050 T GSPGPU_FlushDataCache
00142aac 00000038 T GSPGPU_SetLcdForceBlack
00142ae4 00000030 T GSPGPU_TriggerCmdReqQueue
00142b14 00000114 T gspSubmitGxCommand
00142c28 00000064 T GSPGPU_RegisterInterruptRelayQueue
00142c8c 00000030 T GSPGPU_UnregisterInterruptRelayQueue
00142cbc 00000074 T GSPGPU_AcquireRight
00142d30 00000058 T GSPGPU_ReleaseRight
00142d88 000001a0 T gspInit
00142f28 000000ac T gspExit
00142fd4 0000007c T GSPGPU_ImportDisplayCaptureInfo
00143050 00000030 T GSPGPU_SaveVramSysArea
00143080 00000030 T GSPGPU_RestoreVramSysArea
001430b0 00000094 T acInit
00143144 00000044 T acExit
00143188 0000003c T ACU_GetWifiStatus
001431c4 000000b0 T cfguInit
00143274 00000044 T cfguExit
001432b8 0000003c T CFGU_SecureInfoGetRegion
001432f4 0000004c T CFGU_GetConfigInfoBlk2
00143340 00000038 t dspCallHook
00143378 00000028 T dspHook
001433a0 0000002c T dspUnhook
001433cc 00000024 T aptDspCancel
001433f0 00000038 T DSP_SetSemaphore
00143428 00000038 T DSP_SetSemaphoreMask
00143460 0000003c T DSP_GetSemaphoreHandle
0014349c 000000c4 T DSP_LoadComponent
00143560 00000088 T aptDspWakeup
001435e8 00000058 T DSP_UnloadComponent
00143640 000000d0 T dspInit
00143710 00000048 T dspExit
00143758 00000054 T aptDspSleep
001437ac 00000048 T DSP_RegisterInterruptEvents
001437f4 00000070 T DSP_ReadPipeIfPossible
00143864 00000050 T DSP_WriteProcessPipe
001438b4 00000044 T DSP_ConvertProcessAddressFromDspDram
001438f8 00000044 T DSP_RecvData
0014393c 0000004c T DSP_RecvDataIsReady
00143988 00000030 t fsSession
001439b8 0000004c t fsSessionForArchive
00143a04 00000044 T fsExit
00143a48 00000068 T fsExemptFromSession
00143ab0 00000058 T fsUnexemptFromSession
00143b08 00000090 T fsMakePath
00143b98 00000030 T FSUSER_Initialize
00143bc8 000000b8 T fsInit
00143c80 00000088 T FSUSER_OpenFile
00143d08 000000b8 T FSUSER_OpenFileDirectly
00143dc0 00000070 T FSUSER_DeleteFile
00143e30 000000ac T FSUSER_RenameFile
00143edc 00000070 T FSUSER_DeleteDirectory
00143f4c 00000070 T FSUSER_DeleteDirectoryRecursively
00143fbc 00000088 T FSUSER_CreateFile
00144044 00000078 T FSUSER_CreateDirectory
001440bc 000000ac T FSUSER_RenameDirectory
00144168 00000070 T FSUSER_OpenDirectory
001441d8 00000088 T FSUSER_OpenArchive
00144260 00000044 T FSUSER_CloseArchive
001442a4 00000058 T FSUSER_GetSdmcArchiveResource
001442fc 00000048 T FSUSER_IsSdmcWritable
00144344 000000ec T FSUSER_UpdateSha256Context
00144430 0000005c T FSFILE_Read
0014448c 00000064 T FSFILE_Write
001444f0 00000040 T FSFILE_GetSize
00144530 00000030 T FSFILE_SetSize
00144560 0000003c T FSFILE_Close
0014459c 00000028 T FSFILE_Flush
001445c4 00000054 T FSDIR_Read
00144618 0000003c T FSDIR_Close
00144654 0000003c t aptCallHook
00144690 0000001c t aptIsReinit
001446ac 0000001c t aptIsChainload
001446c8 00000020 t aptIsCrippled
001446e8 000000c4 t aptInitCaptureInfo
001447ac 000000f8 t aptConvertScreenForCapture
001448a4 0000006c t aptGetServiceHandle
00144910 000000e0 T aptSendCommand
001449f0 00000040 t APT_CheckNew3DS_System
00144a30 00000014 T aptIsActive
00144a44 0000001c T aptShouldClose
00144a60 0000001c T aptIsSleepAllowed
00144a7c 0000001c T aptIsHomeAllowed
00144a98 00000040 T aptShouldJumpToHome
00144ad8 0000004c T aptSetChainloaderToSelf
00144b24 00000034 T aptHook
00144b58 0000002c T aptUnhook
00144b84 0000001c T aptSetMessageCallback
00144ba0 00000038 T APT_GetLockHandle
00144bd8 00000054 T APT_Initialize
00144c2c 00000028 T APT_Finalize
00144c54 00000020 T APT_HardwareResetAsync
00144c74 00000028 T APT_Enable
00144c9c 00000070 T APT_GetAppletManInfo
00144d0c 00000044 T APT_IsRegistered
00144d50 00000038 T APT_InquireNotification
00144d88 00000020 T APT_PrepareToJumpToHomeMenu
00144da8 00000044 T APT_JumpToHomeMenu
00144dec 00000038 T APT_SleepSystem
00144e24 00000028 T APT_NotifyToWait
00144e4c 0000007c T APT_AppletUtility
00144ec8 00000030 T APT_SleepIfShellClosed
00144ef8 0000004c T APT_LockTransition
00144f44 00000030 T APT_UnlockTransition
00144f74 00000024 t aptClearJumpToHome
00144f98 000000bc T APT_GlanceParameter
00145054 000000bc T APT_ReceiveParameter
00145110 000000b8 t aptReceiveParameter
001451c8 000001b0 t aptWaitForWakeUp
00145378 000001c8 T aptInit
00145540 00000058 T APT_SendParameter
00145598 00000070 T APT_CancelParameter
00145608 0000003c T APT_SendCaptureBufferInfo
00145648 000001bc t aptScreenTransfer
00145804 0000002c T APT_ReplySleepQuery
00145830 00000068 T aptSetSleepAllowed
00145898 000000a4 T aptJumpToHomeMenu
0014593c 00000028 T APT_ReplySleepNotificationComplete
00145968 0000039c t aptEventHandler
00145d04 0000007c T aptHandleSleep
00145d80 0000002c T aptMainLoop
00145dac 00000028 T APT_PrepareToCloseApplication
00145dd4 00000044 T APT_CloseApplication
00145e18 00000018 t aptExitProcess
00145e30 00000030 T APT_SetAppCpuTimeLimit
00145e60 0000003c T APT_GetAppCpuTimeLimit
00145e9c 00000058 T APT_CheckNew3DS
00145ef4 00000038 T APT_PrepareToDoApplicationJump
00145f2c 00000064 T APT_DoApplicationJump
00145f90 00000204 T aptExit
00146194 00000028 T APT_PrepareToStartLibraryApplet
001461bc 00000048 T APT_StartLibraryApplet
00146204 000000b4 T aptLaunchLibraryApplet
001462b8 00000048 T APT_GetSharedFont
00146300 00000038 T CAMU_StartCapture
00146338 00000038 T CAMU_StopCapture
00146370 0000004c T CAMU_IsBusy
001463bc 00000038 T CAMU_ClearBuffer
001463f4 00000044 T CAMU_GetBufferErrorInterruptEvent
00146438 00000068 T CAMU_SetReceiving
001464a0 00000044 T CAMU_SetTransferBytes
001464e4 00000048 T CAMU_GetMaxBytes
0014652c 0000003c T CAMU_SetTrimming
00146568 00000038 T CAMU_Activate
001465a0 0000003c T CAMU_SetAutoExposure
001465dc 0000003c T CAMU_SetAutoWhiteBalance
00146618 00000040 T CAMU_SetSize
00146658 0000003c T CAMU_SetFrameRate
00146694 00000040 T CAMU_SetOutputFormat
001466d4 0000003c T CAMU_SetNoiseFilter
00146710 00000030 T CAMU_DriverInitialize
00146740 000000a0 T camInit
001467e0 00000030 T CAMU_DriverFinalize
00146810 00000048 T camExit
00146858 00000040 W hidShouldUseIrrst
00146898 000000f8 T hidExit
00146990 0000005c T hidCheckSectionUpdateTime
001469ec 00000234 T hidScanInput
00146c20 00000010 T hidKeysHeld
00146c30 00000010 T hidKeysDown
00146c40 00000010 T hidKeysUp
00146c50 00000018 T hidTouchRead
00146c68 00000090 T HIDUSER_GetHandles
00146cf8 00000174 T hidInit
00146e6c 0000000c T srvPmGetSessionHandle
00146e78 00000078 T ptmSysmInit
00146ef0 00000044 T ptmSysmExit
00146f34 00000038 T PTMSYSM_ConfigureNew3DSCPU
00146f6c 00000040 t HTTPC_Initialize
00146fac 00000024 t HTTPC_Finalize
00146fd0 00000034 t HTTPC_InitializeConnectionSession
00147004 0000002c t HTTPC_SetProxyDefault
00147030 0000002c t HTTPC_CloseContext
0014705c 0000006c t HTTPC_CreateContext
001470c8 0000019c T httpcInit
00147264 00000090 T httpcExit
001472f4 000000cc T httpcOpenContext
001473c0 00000028 T httpcCloseContext
001473e8 00000084 T httpcAddRequestHeaderField
0014746c 00000034 T httpcBeginRequest
001474a0 00000048 T httpcReceiveData
001474e8 00000054 T httpcGetDownloadSizeState
0014753c 000000c8 T httpcDownloadData
00147604 0000007c T httpcGetResponseHeader
00147680 00000040 T httpcGetResponseStatusCode
001476c0 00000038 T httpcSetSSLOpt
001476f8 00000038 T httpcSetKeepAlive
00147730 00000010 t from_3ds
00147740 00000010 t to_3ds
00147750 0000017c T fcntl
001478cc 00000050 t swkbdConvertToUTF16
0014791c 0000004c t swkbdConvertToUTF8
00147968 00000114 t swkbdMessageCallback
00147a7c 00000080 T swkbdInit
00147afc 00000014 T swkbdSetHintText
00147b10 0000003c T swkbdSetButton
00147b4c 00000008 T swkbdSetInitialText
00147b54 0000001c T swkbdSetFilterCallback
00147b70 00000360 T swkbdInputText
00147ed0 000000fc t buffer_read
00147fcc 000001b4 t iov_memset
00148180 00000330 t iov_memmove
001484b0 000001e0 t iov_read
00148690 00000150 t decompress_rle
001487e0 00000334 t decompress_lzss
00148b14 00000524 t decompress_lz11
00149038 00000488 t decompress_huff
001494c0 00000018 T decompressCallback_Stdio
001494d8 000000f4 T decompressHeader
001495cc 000002c0 T decompressV
0014988c 00000014 T rbtree_init
001498a0 000001c0 t do_insert
00149a60 00000010 T rbtree_insert
00149a70 000000c0 T rbtree_rotate
00149b30 000001e0 t recolor
00149d10 000001b8 T rbtree_remove
00149ec8 0000005c T rbtree_find
00149f24 000000c0 T utf8_to_utf16
00149fe4 00000180 T decode_utf8
0014a164 000000dc T utf16_to_utf8
0014a240 00000238 W __system_allocateHeaps
0014a478 00000040 W __libctru_init
0014a4b8 000000e4 W __system_initArgv
0014a59c T svcControlMemory
0014a5bc T svcQueryMemory
0014a5ec T svcExitProcess
0014a5f4 T svcCreateThread
0014a614 T svcExitThread
0014a61c T svcSleepThread
0014a624 T svcCreateMutex
0014a638 T svcReleaseMutex
0014a640 T svcCreateEvent
0014a654 T svcSignalEvent
0014a65c T svcClearEvent
0014a664 T svcCreateMemoryBlock
0014a67c T svcMapMemoryBlock
0014a684 T svcUnmapMemoryBlock
0014a68c T svcCreateAddressArbiter
0014a6a0 T svcArbitrateAddressNoTimeout
0014a6a8 T svcCloseHandle
0014a6b0 T svcWaitSynchronization
0014a6b8 T svcWaitSynchronizationN
0014a6e0 T svcDuplicateHandle
0014a6f4 T svcGetSystemTick
0014a6fc T svcGetSystemInfo
0014a714 T svcConnectToPort
0014a728 T svcSendSyncRequest
0014a730 T svcGetResourceLimit
0014a744 T svcGetResourceLimitLimitValues
0014a74c T svcGetResourceLimitCurrentValues
0014a754 T svcBreak
0014a75c T svcOutputDebugString
0014a764 W initSystem
0014a7b4 W __ctru_exit
0014a7cc T __aeabi_read_tp
0014a7d8 00000014 T __sync_init
0014a7ec 00000020 T __sync_fini
0014a80c 00000024 T syncArbitrateAddress
0014a830 0000001c T LightLock_Init
0014a84c 00000094 T LightLock_Lock
0014a8e0 00000044 T LightLock_TryLock
0014a924 0000003c T LightLock_Unlock
0014a960 0000001c T RecursiveLock_Init
0014a97c 00000034 T RecursiveLock_Lock
0014a9b0 00000044 T RecursiveLock_TryLock
0014a9f4 00000024 T RecursiveLock_Unlock
0014aa18 00000040 T LightEvent_Init
0014aa58 00000070 T LightEvent_Clear
0014aac8 00000090 T LightEvent_Signal
0014ab58 00000050 T LightEvent_TryWait
0014aba8 00000084 T LightEvent_Wait
0014ac2c 00000044 t __name_cmp
0014ac70 0000006c W envGetHandle
0014acdc 00000050 W envDestroyHandles
0014ad2c 000000ac t mappableFindAddressWithin
0014add8 00000028 T mappableInit
0014ae00 0000008c T mappableAlloc
0014ae8c 00000004 T mappableFree
0014ae90 0000005c T irrstCheckSectionUpdateTime
0014aeec 00000088 T irrstScanInput
0014af74 0000002c T irrstKeysHeld
0014afa0 00000050 T IRRST_GetHandles
0014aff0 0000003c T IRRST_Initialize
0014b02c 00000138 T irrstInit
0014b164 00000030 T IRRST_Shutdown
0014b194 000000c4 T irrstExit
0014b258 0000003c T _net_convert_error
0014b294 00000054 T rbtree_node_next
0014b2e8 00000054 T encode_utf16
0014b33c 000000e0 T encode_utf8
0014b41c 00000054 T decode_utf16
0014b470 00000034 t __libctru_nanosleep
0014b4a4 00000030 t __libctru_get_reent
0014b4d4 00000100 T __system_initSyscalls
0014b5d4 00000030 W __appInit
0014b604 00000030 W __appExit
0014b634 00000090 W __libctru_exit
0014b6c4 00000010 t archive_link
0014b6d4 00000010 t archive_dirreset
0014b6e4 00000010 t archive_statvfs
0014b6f4 00000010 t archive_chmod
0014b704 00000010 t archive_fchmod
0014b714 0000002c t error_cmp
0014b740 000000b4 t _archiveInit
0014b7f4 0000005c t archive_translate_error
0014b850 00000030 t archive_fsync
0014b880 00000048 t archive_ftruncate
0014b8c8 00000034 t archive_dirclose
0014b8fc 00000158 t archive_dirnext
0014ba54 00000030 t archive_close
0014ba84 00000070 t archive_fstat
0014baf4 000000e0 t archive_seek
0014bbd4 00000084 t archive_read
0014bc58 000000d0 t archive_write
0014bd28 000000dc t archiveFindDevice
0014be04 00000120 t _archiveMountDevice
0014bf24 0000021c t archive_fixpath
0014c140 000000cc t archive_utf16path
0014c20c 00000098 t archive_rmdir
0014c2a4 000000b0 t archive_diropen
0014c354 000000c0 t archive_mkdir
0014c414 00000180 t archive_rename
0014c594 000000c0 t archive_chdir
0014c654 0000007c t archive_unlink
0014c6d0 00000130 t archive_stat
0014c800 000001dc t archive_open
0014c9dc 000000b8 t sdmc_statvfs
0014ca94 000001a4 T archiveMountSdmc
0014cc38 000000c8 T _archiveUnmountDeviceStruct
0014cd00 00000064 T archiveUnmountAll
0014cd68 0000022c T cosf
0014cf94 00000024 t with_errnof
0014cfb8 0000001c T __math_invalidf
0014cfd8 000006f8 T pow
0014d6d0 000000b4 T ceilf
0014d788 00000164 T floor
0014d8f0 000000a8 T frexp
0014d998 00000274 T sinf
0014dc0c 0000017c T rint
0014dd88 00000024 t with_errno
0014ddac 00000028 t xflow
0014ddd8 00000010 T __math_uflow
0014dde8 00000010 T __math_oflow
0014ddf8 00000050 T __math_divzero
0014de48 0000001c T __math_invalid
0014de64 00000014 T __math_check_uflow
0014de78 00000028 T __math_check_oflow
0014dea0 00000354 T adler32_z
0014e1f4 00000004 T adler32
0014e1f8 00000380 T crc32
0014e578 00000150 t updatewindow
0014e6c8 0000003c t inflateStateCheck.part.0
0014e704 000000c0 T inflateResetKeep
0014e7c4 00000060 T inflateReset
0014e824 000000ac T inflateReset2
0014e8d0 000000f0 T inflateInit2_
0014e9c0 00001b00 T inflate
001504c0 00000078 T inflateEnd
00150538 00000060 T inflateValidate
00150598 00000530 T inflate_table
00150ac8 00000008 T zcalloc
00150ad0 00000008 T zcfree
00150ad8 00000568 T inflate_fast
00151040 00000120 T __udivmoddi4
00151160 00000014 T abort
00151174 0000006c T asprintf
001511e0 0000005c T __assert_func
0015123c 0000000c T atoi
00151248 00000078 T bsearch
001512c0 00000028 T calloc
001512e8 00000094 T _calloc_r
0015137c 0000000c T __errno
00151388 00000034 T exit
001513bc 00000160 T _fclose_r
0015151c 00000020 T fclose
0015153c 00000258 T __sflush_r
00151794 00000094 T _fflush_r
00151828 00000038 T fflush
00151860 0000000c T _cleanup_r
0015186c 00000184 T __sinit
001519f0 00000134 T __sfp
00151b24 0000000c T __sfp_lock_acquire
00151b30 0000000c T __sfp_lock_release
00151b3c 0000003c T __libc_fini_array
00151b78 0000003c T fiprintf
00151bb4 000000f8 t fmemseeker
00151cac 00000014 t fmemcloser
00151cc0 00000118 t fmemwriter
00151dd8 00000058 t fmemreader
00151e30 00000234 T _fmemopen_r
00152064 00000030 T fmemopen
00152094 00000140 T _fopen_r
001521d4 00000028 T fopen
001521fc 0000003c T fprintf
00152238 00000094 T fputc
001522cc 000002d0 T _fread_r
0015259c 00000038 T fread
001525d4 000000f8 T _malloc_trim_r
001526cc 000002e4 T _free_r
001529b0 0000001c T _fseek_r
001529cc 00000034 T fseek
00152a00 000004f8 T _fseeko_r
00152ef8 00000034 T ftell
00152f2c 000001bc T _ftello_r
001530e8 00000068 T _fwalk
00153150 00000070 T _fwalk_reent
001531c0 000000f8 T _fwrite_r
001532b8 00000038 T fwrite
001532f0 000000c8 T _findenv_r
001533b8 00000018 T _getenv_r
001533d0 00000274 T gmtime_r
00153644 0000007c T __libc_init_array
001536c0 00000020 T localtime
001536e0 00000388 T localtime_r
00153a68 00000008 T __localeconv_l
00153a70 0000000c T _localeconv_r
00153a7c 0000000c T localeconv
00153a88 00000010 T __locale_mb_cur_max
00153a98 00000138 T __smakebuf_r
00153bd0 00000094 T __swhatbuf_r
00153c64 00000028 T memalign
00153c8c 00000148 T _memalign_r
00153dd4 00000020 T malloc
00153df4 00000020 T free
00153e14 000007f0 T _malloc_r
00154604 00000068 T _mbrtowc_r
0015466c 00000080 T mbrtowc
001546ec 000002fc T __utf8_mbtowc
001549e8 000000e0 T memchr
00154ac8 000000a8 T memcmp
00154b70 0000011c T memcpy
00154c8c 00000154 T memmove
00154de0 00000118 T memset
00154ef8 000002e4 t validate_structure
001551dc 000004cc T mktime
001556a8 0000000c T __malloc_lock
001556b4 0000000c T __malloc_unlock
001556c0 000003b8 T nl_langinfo_l
00155a78 0000000c T nl_langinfo
00155a84 00000034 T printf
00155ab8 000000dc T _putc_r
00155b94 00000958 T qsort
001564ec 0000001c T srand
00156508 00000044 T rand
0015654c 00000028 T realloc
00156574 00000598 T _realloc_r
00156b0c 0000001c t lflush
00156b28 000001ac T __srefill_r
00156cd4 00000030 T remove
00156d04 00000260 T setvbuf
00156f64 00000098 T _raise_r
00156ffc 00000020 T raise
0015701c 000000cc T snprintf
001570e8 00000064 T sprintf
0015714c 00000074 T sscanf
001571c0 00000044 T __sread
00157204 00000008 T __seofread
0015720c 00000068 T __swrite
00157274 00000048 T __sseek
001572bc 00000008 T __sclose
001572c4 00000070 T stpcpy
00157334 00000064 T strcasecmp
00157398 00000144 T strchr
001574dc 000000f0 T strcpy
001575cc 00000020 T strdup
001575ec 00000044 T _strdup_r
00157630 0000005c T strlen
0015768c 000000ec T strncat
00157778 000000dc T strncmp
00157854 000000c0 T strncpy
00157914 00000048 T strnlen
0015795c 00000044 T strrchr
001579a0 00000428 t two_way_long_needle
00157dc8 00000248 T strstr
00158010 0000130c T _strtod_l
0015931c 0000000c T _strtod_r
00159328 0000002c T strtod
00159354 0000022c t _strtoll_l.constprop.0
00159580 00000004 T _strtoll_r
00159584 00000030 T strtoll
001595b4 000001b0 t _strtol_l.part.0
00159764 0000003c T _strtol_r
001597a0 00000058 T strtol
001597f8 0000064c t get_arg
00159e48 00003808 T _svfprintf_r
0015d650 00000050 t get_arg
0015d6a0 00002b68 T __ssvfscanf_r
00160208 00000020 T close
00160228 00000028 T fstat
00160250 00000010 T getpid
00160260 00000028 T gettimeofday
00160288 00000034 T lseek
001602bc 00000040 T open
001602fc 00000030 T read
0016032c 00000030 T write
0016035c 0000003c T time
00160398 00000240 T __tzcalc_limits
001605d8 0000000c T __tz_lock
001605e4 0000000c T __tz_unlock
001605f0 00000010 T _tzset_unlocked
00160600 00000474 T _tzset_unlocked_r
00160a74 0000064c t get_arg
001610c0 00000034 T __sprint_r
001610f4 00002584 T _vfiprintf_r
00163678 000000d4 t __sbprintf
0016374c 0000064c t get_arg
00163d98 000038d4 T _vfprintf_r
0016766c 000000d4 t __sbprintf
00167740 000000a4 T _vsnprintf_r
001677e4 00000038 T vsnprintf
0016781c 00000108 T __swbuf_r
00167924 00000054 T _wcrtomb_r
00167978 00000070 T wcrtomb
001679e8 0000002c T wcslen
00167a14 00000028 T _wcsrtombs_r
00167a3c 000000f0 T __utf8_wctomb
00167b2c 00000154 T __swsetup_r
00167c80 00000114 T __call_exitprocs
00167d94 0000004c T div
00167de0 000001a8 t quorem
00167f88 000012ec T _dtoa_r
00169274 0000000c T __env_lock
00169280 0000000c T __env_unlock
0016928c 000000c8 T __sflags
00169354 000004a4 T __sfvwrite_r
001697f8 000000ec t rshift
001698e4 00000928 T __gethex
0016a20c 0000004c T __match
0016a258 0000029c T __hexnan
0016a4f4 0000000c T __gettzinfo
0016a500 00000008 T iswspace
0016a508 00000088 T _Balloc
0016a590 0000001c T _Bfree
0016a5ac 000000f4 T __multadd
0016a6a0 00000110 T __s2b
0016a7b0 00000058 T __hi0bits
0016a808 0000009c T __lo0bits
0016a8a4 000000a4 T __i2b
0016a948 00000204 T __multiply
0016ab4c 00000120 T __pow5mult
0016ac6c 0000013c T __lshift
0016ada8 00000058 T __mcmp
0016ae00 000001cc T __mdiff
0016afcc 00000088 T __ulp
0016b054 000000d4 T __b2d
0016b128 0000012c T __d2b
0016b254 00000078 T __ratio
0016b2cc 00000088 T __copybits
0016b354 0000005c T __any_on
0016b3b0 000000e4 T __sccl
0016b494 0000000c T nanf
0016b4a0 00000074 T siscanf
0016b518 00000010 T nan
0016b528 000000b8 T stpncpy
0016b5e0 00000244 t _strtoull_l.constprop.0
0016b824 00000004 T _strtoull_r
0016b828 000001c8 t _strtoul_l.constprop.0
0016b9f0 00000004 T _strtoul_r
0016b9f4 00000030 T strtoul
0016ba24 00000188 T __ssprint_r
0016bbac 00000050 t get_arg
0016bbfc 000000e0 T _sungetc_r
0016bcdc 0000006c T __ssrefill_r
0016bd48 000000c8 T _sfread_r
0016be10 000022d0 T __ssvfiscanf_r
0016e0e0 000000a8 T __submore
0016e188 00000190 T _wcsnrtombs_l
0016e318 0000004c T _wcsnrtombs_r
0016e364 0000003c T iswspace_l
0016e3a0 000001d4 t __jp2uc
0016e574 0000009c T _jp2uc_l
0016e610 00000084 T category
0016e694 00000008 t null_write
0016e69c 00000018 T setDefaultDevice
0016e6b4 000000c8 T FindDevice
0016e77c 00000028 T RemoveDevice
0016e7a4 0000009c T AddDevice
0016e840 00000020 T GetDeviceOpTab
0016e860 00000078 T _fstat_r
0016e8d8 00000014 T _getpid_r
0016e8ec 00000038 T _gettimeofday_r
0016e924 00000008 T _isatty_r
0016e92c 00000014 T _kill_r
0016e940 00000084 T _lseek_r
0016e9c4 000000c8 T _open_r
0016ea8c 00000080 T _read_r
0016eb0c 00000078 T _sbrk_r
0016eb84 00000070 T _unlink_r
0016ebf4 00000080 T _write_r
0016ec74 00000024 T _exit
0016ec98 000001b8 T _concatenate_path
0016ee50 00000160 T chdir
0016efb0 00000008 T __flockfile
0016efb8 00000008 T __funlockfile
0016efc0 00000018 T __libc_lock_acquire
0016efd8 00000018 T __libc_lock_release
0016eff0 00000018 T __libc_lock_init_recursive
0016f008 00000018 T __libc_lock_acquire_recursive
0016f020 00000018 T __libc_lock_release_recursive
0016f038 00000018 T __libc_lock_close_recursive
0016f050 0000008c T __release_handle
0016f0dc 000000b4 T __alloc_handle
0016f190 0000003c T __get_handle
0016f1cc 000000f4 T _close_r
0016f2c0 00000028 T __getreent
0016f2e8 00000038 T __aeabi_d2lz
0016f2e8 00000038 T __fixdfdi
0016f320 00000040 T __aeabi_d2ulz
0016f320 00000040 T __fixunsdfdi
0016f360 T _fini
00170000 00000014 r subt3x.0
00170024 00000008 r mode_switch_char
0017002c 0000000c r CSWTCH.49
00170038 00000014 r subt3x.0
0017004c 00000008 R entries_per_screen_v
00170054 00000008 R entry_size
0017005c 00000008 R entries_per_screen_h
00170064 00000048 r browser_instructions
001700ac 00000024 r extra_instructions
001700d0 00000010 r gf16_exp
001700e0 0000003c r xs.2
0017011c 0000003c r ys.1
00170158 0000000c r gf16
00170164 00000100 r gf256_exp
00170264 00000100 r gf256_log
00170364 0000000c r gf256
00170370 00000010 r gf16_log
00170380 00000018 r offsets.0
00170398 00000010 r dx_map.2
001703a8 00000010 r dy_map.1
001703b8 00000014 r check.5
001703cc 00000cd0 R quirc_version_db
001710ac 00000400 r crc_lookup
001714ac 00000084 r mask
00171530 00000024 r mask8B
0017249c r .LC18
00173254 0000000c r D50_nCIEXYZ
00173260 000000e0 r png_sRGB_checks
00173340 00000024 r sRGB_XYZ.10104
00173364 00000020 r sRGB_xy
001733fc 00000011 r digits.9824
00173410 00000010 r png_digit
00173db4 00000048 r display_mask.10215
00173dfc 0000001c r png_pass_inc.10259
00173e18 00000007 r png_pass_inc.10443
00173e18 00000007 r png_pass_inc.10452
00173e20 00000007 r png_pass_start.10442
00173e20 00000007 r png_pass_start.10451
00173e28 00000007 r png_pass_yinc.10445
00173e30 00000007 r png_pass_ystart.10444
00173e38 00000090 r row_mask.10214
001742c4 00000100 r fourbppswaptable
001743c4 00000100 r onebppswaptable
001744c4 00000100 r twobppswaptable
001745c4 00000800 r vwin1024
00174dc4 00000100 r vwin128
00174ec4 00001000 r vwin2048
00175ec4 00000200 r vwin256
001760c4 00002000 r vwin4096
001780c4 00000400 r vwin512
001784c4 00000080 r vwin64
00178544 00004000 r vwin8192
0017c544 00000400 r FLOOR_fromdB_LOOKUP
0017c944 00000008 r ADJUST_SQRT2
0017c94c 00000204 r COS_LOOKUP_I
0017cb50 00000080 r FROMdB2_LOOKUP
0017cbd0 0000008c r FROMdB_LOOKUP
0017cc5c 00000104 r INVSQ_LOOKUP_I
0017cd60 00000100 r INVSQ_LOOKUP_IDel
0017ce60 00000070 r barklook
0017ced0 00000010 r bitrev
0017cee0 00001008 r sincos_lookup0
0017dee8 00001000 r sincos_lookup1
0017f62c 00000024 r compression_names.10769
0017f650 00000008 r rb_ops.10649
0017f658 00000008 r rb_rsrc_ops.10650
0017f8ec 000001d3 r ccc_index
0017fac0 00000730 r ccc_val
001801f0 00000270 r ccc_val_index
001804dc 00002ba4 r u_composition_table
00183080 000001d3 r u_decomposable_blocks
00183254 00002ba4 r u_decomposition_table
00185df8 00000100 r utf8_count.9980
00186404 00000011 r __func__.0
00186418 0000000d r __func__.1
00186428 00000010 r __func__.2
00186438 00000016 r __func__.3
00186450 00000010 r __func__.4
00186460 0000000b r __func__.5
001864a4 0000000d r __func__.0
001864d4 R render2d_shbin
00186660 R render2d_shbin_end
00186660 R render2d_shbin_size
00186664 00000038 r CSWTCH.18
0018669c 00000005 r colorFmtSizes
001866a4 00000004 r depthFmtSizes
001866a8 00000010 r CSWTCH.9
001866cc 00000070 r romFS_devoptab
00186798 00000030 r colorTable
001867c8 00000070 r dotab_null
00186838 00000070 r dotab_stdout
001868a8 00000070 r dotab_svc
00186928 00000011 r dsp_filename.0
001869c8 00000008 r morton_x.3
001869d0 00000008 r morton_y.2
001869d8 00000008 r s_sleepWakeEvents.4
001869e0 0000000c r serviceNameTable.5
00186a2c r .LC2
00186bb4 0000000b r __func__.0
00186bc0 0000000e r __func__.1
00186bd0 0000000c r __func__.2
00186bdc 00000008 r __func__.3
00186be4 00000008 r __func__.4
00186bec 00000009 r __func__.5
00186bf8 00000009 r __func__.6
00186c04 00000009 r __func__.7
00186c10 0000000c r __func__.8
00186c24 0000004d r _net_error_code_map
00186c84 00000030 r error_table
00186cb4 00000060 R __inv_pio4
00186d18 000000e0 R __sincosf_table
00186df8 00000010 r TWO52
00186e08 00000870 R __exp_data
00187678 00001048 R __pow_log_data
001886c0 00002000 r crc_table
0018a6c0 00000080 r distfix.7273
0018a928 00000800 r lenfix.7272
0018b128 00000026 r order.7301
0018b150 00000040 r dbase.7179
0018b190 00000040 r dext.7180
0018b1d0 0000003e r lbase.7177
0018b210 0000003e r lext.7178
0018b290 00000101 R _ctype_
0018b394 00000004 R _global_impure_ptr
0018b3dc 00000030 r DAYS_IN_MONTH
0018b40c 00000030 r _DAYS_BEFORE_MONTH
0018b43c 00000060 R __month_lengths
0018b4ac 00000014 r fpi.1
0018b4c0 00000014 r fpinan.0
0018b4d8 00000028 r tinytens
0018b53c 00000010 r blanks.1
0018b54c 00000010 r zeroes.0
0018b564 00000022 r basefix.0
0018b6e0 000000fc R _C_time_locale
0018b830 00000010 r blanks.1
0018b840 00000010 r zeroes.0
0018b850 00000010 r blanks.1
0018b860 00000010 r zeroes.0
0018b91c 00000100 R __hexdig
0018ba34 00000010 R _C_messages_locale
0018ba44 0000003c R _C_monetary_locale
0018ba80 0000000c R _C_numeric_locale
0018bad0 00000028 R __mprec_bigtens
0018baf8 000000c8 R __mprec_tens
0018bbc0 0000000c r p05.0
0018bbcc 0000006c R __action_table
0018bc38 00000100 R __chclass
0018bd38 0000006c R __state_table
0018bda4 00000022 r basefix.0
0018bddc 000000bc r a1
0018be98 000000bc r a2
0018bf54 0000005b r a3
0018bfb0 00000070 r a6
0018c020 000000a2 r a7
0018c0c4 00000040 r a8
0018c104 0000172a r b02cf
0018d830 00001a7c r d02f4
0018f2ac 000031e6 r categories
00192494 00000070 R dotab_stdnull
00192504 r 
00192504 R __exidx_end
00192504 R __exidx_start
00193000 00000008 D main_paths
00193008 00000004 D __stacksize__
0019300c 00000048 D normal_instructions
00193054 00000024 D install_instructions
00193078 0000006c D extra_instructions
001930e4 00000008 D _floor_P
001930ec 00000004 D _mapping_P
001930f0 0000000c D _residue_P
001930fc 00000018 D floor1_exportbundle
00193114 00000018 D floor0_exportbundle
0019312c 00000014 D residue0_exportbundle
00193140 00000014 D residue1_exportbundle
00193154 00000014 D residue2_exportbundle
00193168 00000014 D mapping0_exportbundle
0019317c 00000004 d do_free
00193180 00000004 d do_malloc
00193184 00000008 d the_false.1
0019318c 00000008 d the_null.0
00193194 00000008 d the_true.2
0019319c 00000004 d framerate
001931a0 00000008 d framerateCounter
001931a8 00000004 D currentConsole
001931ac 00000004 d queueLock
001931b0 00000004 d kCount
001931b4 00000004 d kDelay
001931b8 00000004 d kInterval
001931bc 00000070 d archive_devoptab
0019322c 0000000c d __sfp_recursive_mutex
00193238 0000000c d __sinit_recursive_mutex
00193244 00000004 D _impure_ptr
00193248 00000460 d impure_data
001936a8 0000016c D __global_locale
00193814 00000408 D __malloc_av_
00193c1c 00000004 D __malloc_sbrk_base
00193c20 00000004 D __malloc_trim_threshold
00193c24 0000000c d __malloc_recursive_mutex
00193c30 00000004 d __tz_mutex
00193c34 00000008 D _tzname
00193c3c 0000000c D __atexit_recursive_mutex
00193c48 00000004 D environ
00193c4c 0000000c d __env_recursive_mutex
00193c58 00000058 d tzinfo
00193cb0 00000002 d numempty
00193cb4 00000002 d numempty
00193cb8 00000004 d defaultDevice
00193cbc 0000008c D devoptab_list
00193d48 00000400 d _current_working_directory
00194148 00000004 d __hndl_lock
0019414c 0000000c d __stderr_handle
00194158 0000000c d __stdin_handle
00194164 0000000c d __stdout_handle
00194170 00001000 d handles
00195178 d _GLOBAL_OFFSET_TABLE_
00195184 d __frame_dummy_init_array_entry
00195184 D __init_array_start
00195184 B __preinit_array_end
00195184 B __preinit_array_start
00195184 D __tdata_lma
00195184 D __tdata_lma_end
00195188 d __do_global_dtors_aux_fini_array_entry
00195188 D __fini_array_start
00195188 D __init_array_end
0019518c D __bss_start__
0019518c D __fini_array_end
0019518c 0000001c B colors
001951a8 00000004 b spritesheet
001951ac 00000004 B top
001951b0 00000004 B bottom
001951b4 00000028 b sprite_shuffle
001951dc 00000028 b sprite_shuffle_no_bgm
00195204 00000028 b sprite_installed
0019522c 00000028 b sprite_start
00195254 00000028 b sprite_select
0019527c 00000004 B staticBuf
00195280 00000004 B dynamicBuf
00195284 00000004 b widthBuf
00195288 000003d4 B text
00195660 00000008 B ArchiveSD
00195668 00000008 B ArchiveHomeExt
00195670 00000008 B ArchiveThemeExt
00195678 0000020c b previous_path_preview
00195888 00000001 b released
0019588c 00000004 b update_icons_mutex
00195890 00000010 b installCheckThreads_arg
001958a0 000000a0 b lists
00195940 00000008 b iconLoadingThread_arg
00195948 00000004 b iconLoadingThread
0019594c 00000004 B audio
00195950 00000004 B old_time_limit
00195954 00000001 b installed_themes
00195955 00000001 b homebrew
00195956 00000001 B dspfirm
00195958 00000004 B archive_result
0019595c 00000004 b current_list.0
00195960 00000001 B quit
00195964 0000020c b previous_path_preview
00195b70 0000020c b previous_path_bgm
00195d7c b completed.1
00195d80 b object.0
00195d98 00000004 b seq
00195d9c 00000034 b av.10019
00195dd0 00000004 b inited.10020
00195dd4 00000004 B hashtable_seed
00195dd8 00000001 b seed_initialized
00195de0 000005a0 B __C2Di_Context
00196380 00000040 b s_projBot
001963c0 00000040 b s_projTop
00196400 00000004 b uLoc_mdlvMtx
00196404 00000004 b uLoc_projMtx
00196408 00000004 b s_glyphSheets
0019640c 00000004 b s_textScale
00196410 000002d0 B __C3D_Context
001966e0 0000000c b hookCookie
001966f0 00000010 b cpuTime
00196700 00000004 b firstTarget
00196704 00000008 b frameCounter
0019670c 00000004 b frameEndCb
00196710 00000004 b frameEndCbData
00196718 00000010 b gpuTime
00196728 00000001 b inFrame
00196729 00000001 b inSafeTransfer
0019672a 00000001 b isTopStereo
0019672c 00000004 b lastTarget
00196730 0000000c b linkedTarget
0019673c 00000001 b measureGpuTime
0019673d 00000001 b needSwapBot
0019673e 00000001 b needSwapTop
00196740 00000004 B C3D_BoolUnifs
00196744 00000002 B C3D_BoolUnifsDirty
00196748 00000c00 B C3D_FVUnif
00197348 000000c0 B C3D_FVUnifDirty
00197408 00000020 B C3D_IVUnif
00197428 00000008 B C3D_IVUnifDirty
00197430 000000c0 b C3Di_FVUnifEverDirty
001974f0 00000008 b C3Di_IVUnifEverDirty
001974f8 00000018 b C3Di_ShaderFVecData
00197510 0000000c b sAddrMap
0019751c 00000008 b sVramPool
00197524 00000008 b sLinearPool
0019752c 0000000c b sAddrMap
00197538 00000004 V __romfs_path
0019753c 00000004 b romfs_mount_list
00197540 00000001 V __ctru_speedup
00197544 0000004c B currentCopy
00197590 00000004 B g_sharedFont
00197594 00000004 b sharedFontAddr
00197598 00000004 b srvHandle
0019759c 00000004 b srvRefCount
001975a0 00000004 b gfxBottomFramebufferMaxSize
001975a4 00000008 b gfxBottomFramebuffers
001975ac 00000002 b gfxCurBuf
001975b0 00000002 b gfxFramebufferFormats
001975b4 00000002 b gfxIsDoubleBuf
001975b6 00000001 b gfxIsVram
001975b8 00000004 b gfxTopFramebufferMaxSize
001975bc 00000008 b gfxTopFramebuffers
001975c4 00000001 b gfxTopMode
001975c8 00000004 b screenAlloc
001975cc 00000004 b screenFree
001975d0 00000004 b boundQueue
001975d4 00000004 b curQueue
001975d8 00000001 b isActive
001975d9 00000001 b isRunning
001975da 00000001 b shouldStop
001975dc 00000004 B gpuCmdBuf
001975e0 00000004 B gpuCmdBufOffset
001975e4 00000004 B gpuCmdBufSize
001975e8 00000001 b bCancelReceived
001975e9 00000001 b bDspReady
001975ea 00000001 b bEnteringSleep
001975eb 00000001 b bSleeping
001975ec 00000004 b componentBin
001975f0 00000002 b componentDataMask
001975f2 00000001 b componentFree
001975f4 00000002 b componentProgMask
001975f8 00000004 b componentSize
001975fc 00000004 b droppedFrames
00197600 00000004 b dspSem
00197604 00001080 b dspVar5Backup
00198684 00000004 b frameCount
00198688 00000004 b irqEvent
0019868c 00000002 B ndspBufferCurId
0019868e 00000002 B ndspBufferId
00198690 00000002 B ndspFrameId
00198694 00000008 b ndspHookCookie
0019869c 00000048 b ndspMaster
001986e4 00000004 b ndspMutex
001986e8 00000004 b ndspRefCount
001986ec 00000004 b ndspThread
001986f0 00000001 b ndspThreadRun
001986f4 00000080 B ndspVars
00198774 00000008 b sleepEvent
0019877c 00000c60 b ndspChn
001993dc 00000004 b ptmuHandle
001993e0 00000004 b ptmuRefCount
001993e4 00000004 b gspEvent
001993e8 0000001c b gspEventCb
00199404 0000001c b gspEventCbData
00199420 00000007 b gspEventCbOneShot
00199428 00000004 b gspEventThread
0019942c 00000038 b gspEvents
00199464 00000004 b gspGpuHandle
00199468 00000001 b gspGpuRight
0019946c 00000004 b gspLastEvent
00199470 00000004 b gspRefCount
00199474 00000001 b gspRunEvents
00199478 00000004 b gspSharedMem
0019947c 00000004 b gspSharedMemHandle
00199480 00000001 b gspThreadId
00199484 00000004 b acHandle
00199488 00000004 b acRefCount
0019948c 00000004 b cfguHandle
00199490 00000004 b cfguRefCount
00199494 00000001 b dspComponentLoaded
00199498 00000008 b dspFirstHook
001994a0 00000004 b dspHandle
001994a4 00000004 b dspRefCount
001994a8 00000004 b dspSavedCompBin
001994ac 00000002 b dspSavedCompDataMask
001994ae 00000002 b dspSavedCompProgMask
001994b0 00000004 b dspSavedCompSize
001994b4 00000001 b dspSleeping
001994b8 00000080 b fsExemptArchives
00199538 00000004 b fsuHandle
0019953c 00000004 b fsuRefCount
00199540 00000001 b aptChainloadFlags
00199541 00000001 b aptChainloadMediatype
00199548 00000008 b aptChainloadTid
00199550 00000004 b aptEventHandlerThread
00199554 00000001 b aptEventHandlerThreadQuit
00199558 00000008 b aptEvents
00199560 0000000c b aptFirstHook
0019956c 00000004 b aptFlags
00199570 00000001 b aptHomeButtonState
00199574 00000004 b aptLockHandle
00199578 00000004 b aptMessageFunc
0019957c 00000004 b aptMessageFuncData
00199580 00001000 b aptParameters
0019a580 00000008 b aptReceiveEvent
0019a588 00000004 b aptRefCount
0019a58c 00000008 b aptSleepEvent
0019a594 00000001 b flagInit.1
0019a595 00000001 b flagValue.0
0019a598 00000004 b serviceName.6
0019a59c 00000004 B camHandle
0019a5a0 00000004 b camRefCount
0019a5a4 00000006 b aVec
0019a5ac 00000004 b cPos
0019a5b0 00000006 b gRate
0019a5b8 00000014 B hidEvents
0019a5cc 00000004 B hidHandle
0019a5d0 00000004 B hidMemHandle
0019a5d4 00000004 b hidRefCount
0019a5d8 00000004 B hidSharedMem
0019a5dc 00000004 b kDown
0019a5e0 00000004 b kHeld
0019a5e4 00000004 b kOld
0019a5e8 00000004 b kRepeat
0019a5ec 00000004 b kUp
0019a5f0 00000004 b tPos
0019a5f4 00000001 b usingIrrst
0019a5f8 00000004 b srvPmHandle
0019a5fc 00000004 b ptmSysmHandle
0019a600 00000004 b ptmSysmRefCount
0019a604 00000004 b __httpc_refcount
0019a608 00000004 B __httpc_servhandle
0019a60c 00000004 B __httpc_sharedmem_addr
0019a610 00000004 b __httpc_sharedmem_handle
0019a614 00000004 b __httpc_sharedmem_size
0019a618 00000004 b swkbdSharedMem
0019a61c 00000004 b swkbdSharedMemHandle
0019a620 00000004 B __ctru_heap
0019a624 00000004 V __ctru_heap_size
0019a628 00000004 B __ctru_linear_heap
0019a62c 00000004 V __ctru_linear_heap_size
0019a630 00000004 B __system_retAddr
0019a634 00000004 B __system_argc
0019a638 00000004 B __system_argv
0019a63c b saved_stack
0019a644 00000004 b arbiter
0019a648 00000004 b currentAddr
0019a64c 00000004 b maxAddr
0019a650 00000004 b minAddr
0019a654 00000004 b csPos
0019a658 00000004 B irrstEvent
0019a65c 00000004 B irrstHandle
0019a660 00000004 B irrstMemHandle
0019a664 00000004 b irrstRefCount
0019a668 00000004 B irrstSharedMem
0019a66c 00000004 b kHeld
0019a670 00000004 B SOCU_handle
0019a674 00000004 b archive_device_cwd
0019a678 00000540 b archive_devices
0019abb8 00000001 b archive_initialized
0019abbc 00000028 B __malloc_current_mallinfo
0019abe4 00000004 B __malloc_max_sbrked_mem
0019abe8 00000004 B __malloc_max_total_mem
0019abec 00000004 B __malloc_top_pad
0019abf0 00000004 b csym.0
0019abf4 0000000b b __tzname_dst
0019ac00 0000000b b __tzname_std
0019ac0c 00000004 b prev_tzenv
0019ac10 00000004 B _daylight
0019ac14 00000004 B _timezone
0019ac18 00000004 b initial_env
0019ac1c 00000001 b empty
0019ac20 00000004 b heap_start.0
0019ac24 00000004 B fake_heap_end
0019ac28 00000004 B fake_heap_start
0019ac2c 00000400 b temp_cwd
0019b02c 00000048 B __syscalls
0019b074 B __tls_start
0019bc7c B __bss_end__
0019bc7c A __end__
0019bc7c B __tls_end
